2020-03-15 20:12:11	lubuntu_x64.bin
config <volatility.conf.ConfObject object at 0x7fa0feb43450>
Linuxlubuntu64x64
Succeeded instantiating <volatility.plugins.addrspaces.standard.FileAddressSpace object at 0x7fa0f5a1ae50>
Linuxlubuntu64x64
Succeeded instantiating <volatility.plugins.addrspaces.elfcoredump.QemuCoreDumpElf object at 0x7fa0f62c4310>
in load_dtb
profile <volatility.plugins.overlays.linux.linux.Linuxlubuntu64x64 object at 0x7fa0f5a1ae90>
original dtb_sym_addr 0xffffffff81e09000L dtb_sym_addr 0xffffffff81e09000L
comm offset 2608 pid 2184 mm offset 2016 tasks 1928
swapper offset 0x3810f30
tmp_virtual_shift 719323136 tmp_physical_shift 27262976 init task found at 0x3810500
find good dtb  0x3809000L
Linuxlubuntu64x64
Succeeded instantiating <volatility.plugins.addrspaces.amd64.LinuxAMD64PagedMemory object at 0x7fa0f62c4650>
init_task----> 0x3810500L
tasks->> ffff987a9bdac748
content->> 646461657268746b kthreadd
2020-03-15 20:12:11	get possible pages
amd64 get_possible_pages
0x3810500 0 0x0
0x3810508 8 0x0
0x3810510 16 0xffffffffacc00000L stack unsigned long
0x3810518 24 0x20010200000002 
0x3810520 32 0x0
0x3810528 40 0x0
0x3810530 48 0x1
0x3810538 56 0x0
0x3810540 64 0x0
0x3810548 72 0x0
0x3810550 80 0x100000000
0x3810558 88 0x7800000078
0x3810560 96 0x78
0x3810568 104 0xffffffffac828760L
0x3810570 112 0x0
0x3810578 120 0x0
0x3810580 128 0x100000
0x3810588 136 0x400000
0x3810590 144 0x0
0x3810598 152 0x0
0x38105a0 160 0x0
0x38105a8 168 0xffffffffacc105a8L swapper
0x38105b0 176 0xffffffffacc105a8L
0x38105b8 184 0x0
0x38105c0 192 0x6249cb
0x38105c8 200 0x0
0x38105d0 208 0x0
0x38105d8 216 0x0
0x38105e0 224 0x0
0x38105e8 232 0x0
0x38105f0 240 0x0
0x38105f8 248 0x0
0x3810600 256 0x0
0x3810608 264 0x0
0x3810610 272 0x0
0x3810618 280 0x0
0x3810620 288 0x0
0x3810628 296 0x0
0x3810630 304 0x0
0x3810638 312 0x0
0x3810640 320 0x0
0x3810648 328 0x0
0x3810650 336 0x0
0x3810658 344 0x0
0x3810660 352 0x0
0x3810668 360 0x0
0x3810670 368 0x0
0x3810678 376 0x0
0x3810680 384 0x0
0x3810688 392 0x0
0x3810690 400 0x0
0x3810698 408 0x0
0x38106a0 416 0x0
0x38106a8 424 0x0
0x38106b0 432 0x0
0x38106b8 440 0x0
0x38106c0 448 0x0
0x38106c8 456 0x0
0x38106d0 464 0xffff987a9fc19428L
0x38106d8 472 0x0
0x38106e0 480 0x0
0x38106e8 488 0x0
0x38106f0 496 0x0
0x38106f8 504 0x0
0x3810700 512 0x0
0x3810708 520 0x0
0x3810710 528 0x0
0x3810718 536 0x0
0x3810720 544 0x0
0x3810728 552 0x0
0x3810730 560 0x0
0x3810738 568 0x0
0x3810740 576 0xffffffffacc10740L swapper
0x3810748 584 0xffffffffacc10740L
0x3810750 592 0x0
0x3810758 600 0x0
0x3810760 608 0x19
0x3810768 616 0x0
0x3810770 624 0xffffffffad044700L watchdog
0x3810778 632 0xffffffffacc10778L swapper
0x3810780 640 0x0
0x3810788 648 0x0
0x3810790 656 0x0
0x3810798 664 0x0
0x38107a0 672 0x0
0x38107a8 680 0x0
0x38107b0 688 0x0
0x38107b8 696 0x0
0x38107c0 704 0x0
0x38107c8 712 0x0
0x38107d0 720 0xffffffffacc107d0L swapper
0x38107d8 728 0x0
0x38107e0 736 0x0
0x38107e8 744 0x0
0x38107f0 752 0x0
0x38107f8 760 0xffffffffabecc010L
0x3810800 768 0xffff987a9fc12280L
0x3810808 776 0xffffffff00000000L
0x3810810 784 0x0
0x3810818 792 0x0
0x3810820 800 0x0
0x3810828 808 0x0
0x3810830 816 0x0
0x3810838 824 0x1
0x3810840 832 0x1
0x3810848 840 0xffffffffffffffffL
0x3810850 848 0xffffffffffffffffL
0x3810858 856 0xffffffffffffffffL
0x3810860 864 0xffffffffffffffffL
0x3810868 872 0xffffffffffffffffL
0x3810870 880 0xffffffffffffffffL
0x3810878 888 0xffffffffffffffffL
0x3810880 896 0xffffffffffffffffL
0x3810888 904 0xffffffffffffffffL
0x3810890 912 0xffffffffffffffffL
0x3810898 920 0xffffffffffffffffL
0x38108a0 928 0xffffffffffffffffL
0x38108a8 936 0xffffffffffffffffL
0x38108b0 944 0xffffffffffffffffL
0x38108b8 952 0xffffffffffffffffL
0x38108c0 960 0xffffffffffffffffL
0x38108c8 968 0xffffffffffffffffL
0x38108d0 976 0xffffffffffffffffL
0x38108d8 984 0xffffffffffffffffL
0x38108e0 992 0xffffffffffffffffL
0x38108e8 1000 0xffffffffffffffffL
0x38108f0 1008 0xffffffffffffffffL
0x38108f8 1016 0xffffffffffffffffL
0x3810900 1024 0xffffffffffffffffL
0x3810908 1032 0xffffffffffffffffL
0x3810910 1040 0xffffffffffffffffL
0x3810918 1048 0xffffffffffffffffL
0x3810920 1056 0xffffffffffffffffL
0x3810928 1064 0xffffffffffffffffL
0x3810930 1072 0xffffffffffffffffL
0x3810938 1080 0xffffffffffffffffL
0x3810940 1088 0xffffffffffffffffL
0x3810948 1096 0xffffffffffffffffL
0x3810950 1104 0xffffffffffffffffL
0x3810958 1112 0xffffffffffffffffL
0x3810960 1120 0xffffffffffffffffL
0x3810968 1128 0xffffffffffffffffL
0x3810970 1136 0xffffffffffffffffL
0x3810978 1144 0xffffffffffffffffL
0x3810980 1152 0xffffffffffffffffL
0x3810988 1160 0xffffffffffffffffL
0x3810990 1168 0xffffffffffffffffL
0x3810998 1176 0xffffffffffffffffL
0x38109a0 1184 0xffffffffffffffffL
0x38109a8 1192 0xffffffffffffffffL
0x38109b0 1200 0xffffffffffffffffL
0x38109b8 1208 0xffffffffffffffffL
0x38109c0 1216 0xffffffffffffffffL
0x38109c8 1224 0xffffffffffffffffL
0x38109d0 1232 0xffffffffffffffffL
0x38109d8 1240 0xffffffffffffffffL
0x38109e0 1248 0xffffffffffffffffL
0x38109e8 1256 0xffffffffffffffffL
0x38109f0 1264 0xffffffffffffffffL
0x38109f8 1272 0xffffffffffffffffL
0x3810a00 1280 0xffffffffffffffffL
0x3810a08 1288 0xffffffffffffffffL
0x3810a10 1296 0xffffffffffffffffL
0x3810a18 1304 0xffffffffffffffffL
0x3810a20 1312 0xffffffffffffffffL
0x3810a28 1320 0xffffffffffffffffL
0x3810a30 1328 0xffffffffffffffffL
0x3810a38 1336 0xffffffffffffffffL
0x3810a40 1344 0xffffffffffffffffL
0x3810a48 1352 0xffffffffffffffffL
0x3810a50 1360 0xffffffffffffffffL
0x3810a58 1368 0xffffffffffffffffL
0x3810a60 1376 0xffffffffffffffffL
0x3810a68 1384 0xffffffffffffffffL
0x3810a70 1392 0xffffffffffffffffL
0x3810a78 1400 0xffffffffffffffffL
0x3810a80 1408 0xffffffffffffffffL
0x3810a88 1416 0xffffffffffffffffL
0x3810a90 1424 0xffffffffffffffffL
0x3810a98 1432 0xffffffffffffffffL
0x3810aa0 1440 0xffffffffffffffffL
0x3810aa8 1448 0xffffffffffffffffL
0x3810ab0 1456 0xffffffffffffffffL
0x3810ab8 1464 0xffffffffffffffffL
0x3810ac0 1472 0xffffffffffffffffL
0x3810ac8 1480 0xffffffffffffffffL
0x3810ad0 1488 0xffffffffffffffffL
0x3810ad8 1496 0xffffffffffffffffL
0x3810ae0 1504 0xffffffffffffffffL
0x3810ae8 1512 0xffffffffffffffffL
0x3810af0 1520 0xffffffffffffffffL
0x3810af8 1528 0xffffffffffffffffL
0x3810b00 1536 0xffffffffffffffffL
0x3810b08 1544 0xffffffffffffffffL
0x3810b10 1552 0xffffffffffffffffL
0x3810b18 1560 0xffffffffffffffffL
0x3810b20 1568 0xffffffffffffffffL
0x3810b28 1576 0xffffffffffffffffL
0x3810b30 1584 0xffffffffffffffffL
0x3810b38 1592 0xffffffffffffffffL
0x3810b40 1600 0xffffffffffffffffL
0x3810b48 1608 0xffffffffffffffffL
0x3810b50 1616 0xffffffffffffffffL
0x3810b58 1624 0xffffffffffffffffL
0x3810b60 1632 0xffffffffffffffffL
0x3810b68 1640 0xffffffffffffffffL
0x3810b70 1648 0xffffffffffffffffL
0x3810b78 1656 0xffffffffffffffffL
0x3810b80 1664 0xffffffffffffffffL
0x3810b88 1672 0xffffffffffffffffL
0x3810b90 1680 0xffffffffffffffffL
0x3810b98 1688 0xffffffffffffffffL
0x3810ba0 1696 0xffffffffffffffffL
0x3810ba8 1704 0xffffffffffffffffL
0x3810bb0 1712 0xffffffffffffffffL
0x3810bb8 1720 0xffffffffffffffffL
0x3810bc0 1728 0xffffffffffffffffL
0x3810bc8 1736 0xffffffffffffffffL
0x3810bd0 1744 0xffffffffffffffffL
0x3810bd8 1752 0xffffffffffffffffL
0x3810be0 1760 0xffffffffffffffffL
0x3810be8 1768 0xffffffffffffffffL
0x3810bf0 1776 0xffffffffffffffffL
0x3810bf8 1784 0xffffffffffffffffL
0x3810c00 1792 0xffffffffffffffffL
0x3810c08 1800 0xffffffffffffffffL
0x3810c10 1808 0xffffffffffffffffL
0x3810c18 1816 0xffffffffffffffffL
0x3810c20 1824 0xffffffffffffffffL
0x3810c28 1832 0xffffffffffffffffL
0x3810c30 1840 0xffffffffffffffffL
0x3810c38 1848 0xffffffffffffffffL
0x3810c40 1856 0x0
0x3810c48 1864 0x0
0x3810c50 1872 0xffffffffacc10c50L swapper
0x3810c58 1880 0xffffffffacc10c50L
0x3810c60 1888 0xffffffff
0x3810c68 1896 0x0                 sche_info pointer value = 0
0x3810c70 1904 0x0
0x3810c78 1912 0x0
0x3810c80 1920 0x0
0x3810c88 1928 0xffff987a9bdac748L tasks list_head 
0x3810c90 1936 0xffff987a98f51cc8L
0x3810c98 1944 0x8c
0x3810ca0 1952 0xffffffffacc10ca0L
0x3810ca8 1960 0xffffffffacc10ca0L
0x3810cb0 1968 0xffffffffacc10cb0L
0x3810cb8 1976 0xffffffffacc10cb0L
0x3810cc0 1984 0x0
0x3810cc8 1992 0x0
0x3810cd0 2000 0x0
0x3810cd8 2008 0x0
0x3810ce0 2016 0xffff987a966f4f80L active_mm mm_struct 
0x3810ce8 2024 0x0
0x3810cf0 2032 0x0
0x3810cf8 2040 0x0
0x3810d00 2048 0x0
0x3810d08 2056 0x0
0x3810d10 2064 0x0
0x3810d18 2072 0x0
0x3810d20 2080 0x0
0x3810d28 2088 0x0
0x3810d30 2096 0x0
0x3810d38 2104 0x0
0x3810d40 2112 0x0
0x3810d48 2120 0x0
0x3810d50 2128 0x0
0x3810d58 2136 0xffffffffabe98bc0L
0x3810d60 2144 0x0
0x3810d68 2152 0x0
0x3810d70 2160 0x0
0x3810d78 2168 0x0
0x3810d80 2176 0x0
0x3810d88 2184 0x0                pid and tgid int value = 0
0x3810d90 2192 0x38c00c11083656f8
0x3810d98 2200 0xffffffffacc10500L real_parent 
0x3810da0 2208 0xffffffffacc10500L parent
0x3810da8 2216 0xffff987a9bdac878L children
0x3810db0 2224 0xffff987a9bdab338L
0x3810db8 2232 0xffffffffacc10db8L sibling
0x3810dc0 2240 0xffffffffacc10db8L
0x3810dc8 2248 0xffffffffacc10500L
0x3810dd0 2256 0xffffffffacc10dd0L
0x3810dd8 2264 0xffffffffacc10dd0L
0x3810de0 2272 0xffffffffacc10de0L
0x3810de8 2280 0xffffffffacc10de0L
0x3810df0 2288 0x0
0x3810df8 2296 0x0
0x3810e00 2304 0xffffffffacc57480L
0x3810e08 2312 0x0
0x3810e10 2320 0x0
0x3810e18 2328 0xffffffffacc57480L
0x3810e20 2336 0x0
0x3810e28 2344 0x0
0x3810e30 2352 0xffffffffacc57480L
0x3810e38 2360 0xffffffffacc10e38L
0x3810e40 2368 0xffffffffacc10e38L
0x3810e48 2376 0xffffffffacc13090L
0x3810e50 2384 0xffffffffacc13090L
0x3810e58 2392 0x0
0x3810e60 2400 0x0
0x3810e68 2408 0x0
0x3810e70 2416 0x0
0x3810e78 2424 0x32
0x3810e80 2432 0x0
0x3810e88 2440 0x0
0x3810e90 2448 0x0
0x3810e98 2456 0x0
0x3810ea0 2464 0x0
0x3810ea8 2472 0xe5d
0x3810eb0 2480 0x0
0x3810eb8 2488 0x0
0x3810ec0 2496 0x0
0x3810ec8 2504 0x0
0x3810ed0 2512 0x0
0x3810ed8 2520 0x0
0x3810ee0 2528 0x0
0x3810ee8 2536 0xffffffffacc10ee8L
0x3810ef0 2544 0xffffffffacc10ee8L
0x3810ef8 2552 0xffffffffacc10ef8L
0x3810f00 2560 0xffffffffacc10ef8L
0x3810f08 2568 0xffffffffacc10f08L
0x3810f10 2576 0xffffffffacc10f08L
0x3810f18 2584 0x0
0x3810f20 2592 0xffffffffacc579c0L
0x3810f28 2600 0xffffffffacc579c0L
0x3810f30 2608 0x2f72657070617773  comm string 
0x3810f38 2616 0x30
0x3810f40 2624 0x0
0x3810f48 2632 0x0
0x3810f50 2640 0x0
0x3810f58 2648 0x0
0x3810f60 2656 0x0
0x3810f68 2664 0xffffffffaccb5d00L
0x3810f70 2672 0xffffffffaccafb40L
0x3810f78 2680 0xffffffffacc57720L
0x3810f80 2688 0xffffffffacc13080L
0x3810f88 2696 0xffffffffacc12840L
0x3810f90 2704 0x0
0x3810f98 2712 0x0
0x3810fa0 2720 0x0
0x3810fa8 2728 0xffffffffacc10fa8L
0x3810fb0 2736 0xffffffffacc10fa8L
0x3810fb8 2744 0x0
0x3810fc0 2752 0x0
0x3810fc8 2760 0x0
0x3810fd0 2768 0x0
0x3810fd8 2776 0x0
0x3810fe0 2784 0x0
0x3810fe8 2792 0xffffffffffffffffL
0x3810ff0 2800 0x0
0x3810ff8 2808 0x0
0x3811000 2816 0x0
0x3811008 2824 0x0
0x3811010 2832 0x0
0x3811018 2840 0x0
0x3811020 2848 0x0
0x3811028 2856 0x0
0x3811030 2864 0x0
0x3811038 2872 0x0
0x3811040 2880 0x0
0x3811048 2888 0x0
0x3811050 2896 0x0
0x3811058 2904 0x0
0x3811060 2912 0x0
0x3811068 2920 0x0
0x3811070 2928 0x0
0x3811078 2936 0x0
0x3811080 2944 0x0
0x3811088 2952 0x0
0x3811090 2960 0x0
0x3811098 2968 0x0
0x38110a0 2976 0x0
0x38110a8 2984 0x0
0x38110b0 2992 0x0
0x38110b8 3000 0x0
0x38110c0 3008 0xffffffffffffffffL
0x38110c8 3016 0xffffffffffffffffL
0x38110d0 3024 0xffffffffffffffffL
0x38110d8 3032 0xffffffffffffffffL
0x38110e0 3040 0xffffffffffffffffL
0x38110e8 3048 0xffffffffffffffffL
0x38110f0 3056 0xffffffffffffffffL
0x38110f8 3064 0xffffffffffffffffL
0x3811100 3072 0xffffffffffffffffL
0x3811108 3080 0xffffffffffffffffL
0x3811110 3088 0xffffffffffffffffL
0x3811118 3096 0xffffffffffffffffL
0x3811120 3104 0xffffffffffffffffL
0x3811128 3112 0xffffffffffffffffL
0x3811130 3120 0xffffffffffffffffL
0x3811138 3128 0xffffffffffffffffL
0x3811140 3136 0x0
0x3811148 3144 0x0
0x3811150 3152 0xffffffffacc898e0L
0x3811158 3160 0x0
0x3811160 3168 0x0
0x3811168 3176 0x0
0x3811170 3184 0x0
0x3811178 3192 0x0
0x3811180 3200 0x0
0x3811188 3208 0x0
0x3811190 3216 0x0
0x3811198 3224 0x0
0x38111a0 3232 0x0
0x38111a8 3240 0x0
0x38111b0 3248 0x0
0x38111b8 3256 0xffffffffacc111b8L
0x38111c0 3264 0xffffffffacc111b8L
0x38111c8 3272 0xffffffffacc111c8L
0x38111d0 3280 0xffffffffacc111c8L
0x38111d8 3288 0x0
0x38111e0 3296 0x0
0x38111e8 3304 0x3e8
0x38111f0 3312 0xffffffff
0x38111f8 3320 0x0
0x3811200 3328 0x0
0x3811208 3336 0x0
0x3811210 3344 0x0
0x3811218 3352 0xffffffffacc11218L
0x3811220 3360 0x0
0x3811228 3368 0x0
0x3811230 3376 0x0
0x3811238 3384 0x0
0x3811240 3392 0x0
0x3811248 3400 0x0
0x3811250 3408 0x0
0x3811258 3416 0x0
0x3811260 3424 0x0
0x3811268 3432 0x0
0x3811270 3440 0x0
0x3811278 3448 0x0
0x3811280 3456 0x0
0x3811288 3464 0x0
0x3811290 3472 0x0
0x3811298 3480 0x0
0x38112a0 3488 0x0
0x38112a8 3496 0x0
0x38112b0 3504 0x0
0x38112b8 3512 0x0
0x38112c0 3520 0x0
0x38112c8 3528 0x0
0x38112d0 3536 0x0
0x38112d8 3544 0x0
0x38112e0 3552 0x0
0x38112e8 3560 0x0
0x38112f0 3568 0x0
0x38112f8 3576 0x0
0x3811300 3584 0x0
0x3811308 3592 0x0
0x3811310 3600 0x0
0x3811318 3608 0x0
0x3811320 3616 0x0
0x3811328 3624 0x0
0x3811330 3632 0x0
0x3811338 3640 0x0
0x3811340 3648 0x0
0x3811348 3656 0x0
0x3811350 3664 0x0
0x3811358 3672 0x0
0x3811360 3680 0x0
0x3811368 3688 0x0
0x3811370 3696 0x0
0x3811378 3704 0x0
0x3811380 3712 0x0
0x3811388 3720 0x0
0x3811390 3728 0x0
0x3811398 3736 0x0
0x38113a0 3744 0x0
0x38113a8 3752 0x0
0x38113b0 3760 0x0
0x38113b8 3768 0x0
0x38113c0 3776 0x0
0x38113c8 3784 0x0
0x38113d0 3792 0x0
0x38113d8 3800 0x0
0x38113e0 3808 0x0
0x38113e8 3816 0x0
0x38113f0 3824 0x0
0x38113f8 3832 0x0
0x3811400 3840 0x0
0x3811408 3848 0x0
0x3811410 3856 0x0
0x3811418 3864 0x0
0x3811420 3872 0x0
0x3811428 3880 0x0
0x3811430 3888 0x0
0x3811438 3896 0x0
0x3811440 3904 0x0
0x3811448 3912 0x0
0x3811450 3920 0x0
0x3811458 3928 0x0
0x3811460 3936 0x0
0x3811468 3944 0x0
0x3811470 3952 0x0
0x3811478 3960 0x0
0x3811480 3968 0x0
0x3811488 3976 0x0
0x3811490 3984 0x0
0x3811498 3992 0x0
0x38114a0 4000 0x0
0x38114a8 4008 0x0
0x38114b0 4016 0x0
0x38114b8 4024 0x0
0x38114c0 4032 0x0
0x38114c8 4040 0x0
0x38114d0 4048 0x0
0x38114d8 4056 0x0
0x38114e0 4064 0x0
0x38114e8 4072 0x0
0x38114f0 4080 0x0
0x38114f8 4088 0x0
2020-03-15 20:12:11	Get continuous pages
amd64 get_physical_pages
2020-03-15 20:12:13	Finish
